#
# A fatal error has been detected by the Java Runtime Environment:
#
#  EXCEPTION_ACCESS_VIOLATION (0xc0000005) at pc=0x00007ff94f011b85, pid=68976, tid=108920
#
# JRE version:  (23.0.1+11) (build )
# Java VM: OpenJDK 64-Bit Server VM (23.0.1+11-39, mixed mode, sharing, tiered, compressed class ptrs, unknown gc, windows-amd64)
# Problematic frame:
# C  [jimage.dll+0x1b85]
#
# No core dump will be written. Minidumps are not enabled by default on client versions of Windows
#
#

---------------  S U M M A R Y ------------

Command Line: 

Host: 11th Gen Intel(R) Core(TM) i9-11950H @ 2.60GHz, 16 cores, 31G,  Windows 10 , 64 bit Build 19041 (10.0.19041.5072)
Time: Sat Dec 28 15:07:17 2024 Mitteleuropäische Zeit elapsed time: 0.044164 seconds (0d 0h 0m 0s)

---------------  T H R E A D  ---------------

Current thread is native thread

Stack: [0x000000a678400000,0x000000a678500000],  sp=0x000000a6784fde20,  free space=1015k
Native frames: (J=compiled Java code, j=interpreted, Vv=VM code, C=native code)
C  [jimage.dll+0x1b85]  (no source info available)
C  [jimage.dll+0x1d13]  (no source info available)
C  [jimage.dll+0x25dd]  (no source info available)
V  [jvm.dll+0x219f52]  (no source info available)
V  [jvm.dll+0xbfa50]  (no source info available)
V  [jvm.dll+0x82cf7c]  (no source info available)
V  [jvm.dll+0x454d4e]  (no source info available)
V  [jvm.dll+0x456bd1]  (no source info available)
C  [jli.dll+0x52a3]  (no source info available)
C  [ucrtbase.dll+0x21bb2]  (no source info available)
C  [KERNEL32.DLL+0x17374]  (no source info available)
C  [ntdll.dll+0x4cc91]  (no source info available)


siginfo: EXCEPTION_ACCESS_VIOLATION (0xc0000005), reading address 0x000000000001bfec


Registers:
RAX=0x0000000000006ff4, RBX=0x000000a6784fdf11, RCX=0x00007ff94f016000, RDX=0x0000000000006ff4
RSP=0x000000a6784fde20, RBP=0x000000a6784fdf10, RSI=0x00000000000076dd, RDI=0x000000a6784fdf10
R8 =0x00007ff94f014298, R9 =0x000000000000001c, R10=0x00007ff962650000, R11=0x00007ff94f016000
R12=0x0000000000000000, R13=0x000000a6784ff980, R14=0x000000a6784fef80, R15=0x00007ff899b1c898
RIP=0x00007ff94f011b85, EFLAGS=0x0000000000010246


Top of Stack: (sp=0x000000a6784fde20)
0x000000a6784fde20:   0000000000000000 0000000000000000
0x000000a6784fde30:   0000000000000000 0000000000000000
0x000000a6784fde40:   0000027926c05fd0 00007ff94f011d13
0x000000a6784fde50:   000000000000000b 0000027926c05fd0
0x000000a6784fde60:   0000000000000000 0000000000000000
0x000000a6784fde70:   0000000000000000 0000000000000000
0x000000a6784fde80:   0000000000000000 0000000000000000
0x000000a6784fde90:   0000000000000000 0000000000000000
0x000000a6784fdea0:   0000000000000000 0000000000000000
0x000000a6784fdeb0:   0000d2246b60dfa6 0000000000000000
0x000000a6784fdec0:   00007ff899afa6f0 0000000000000017
0x000000a6784fded0:   0000027926c05fd0 000000a6784fef80
0x000000a6784fdee0:   000000000000000b 00007ff94f0125dd
0x000000a6784fdef0:   0000000000000000 0000000000000000
0x000000a6784fdf00:   0000000000000000 0000000000000000
0x000000a6784fdf10:   61622e6176616a2f 692f6b646a2f6573
0x000000a6784fdf20:   2f6c616e7265746e 6f6974706f2f6d76
0x000000a6784fdf30:   000000000000736e 0000000000000000
0x000000a6784fdf40:   0000000000000000 0000000000000000
0x000000a6784fdf50:   0000000000000000 0000000000000000
0x000000a6784fdf60:   0000000000000000 0000000000000000
0x000000a6784fdf70:   0000000000000000 0000000000000000
0x000000a6784fdf80:   0000000000000000 0000000000000000
0x000000a6784fdf90:   0000000000000000 0000000000000000
0x000000a6784fdfa0:   0000000000000000 0000000000000000
0x000000a6784fdfb0:   0000000000000000 0000000000000000
0x000000a6784fdfc0:   0000000000000000 0000000000000000
0x000000a6784fdfd0:   0000000000000000 0000000000000000
0x000000a6784fdfe0:   0000000000000000 0000000000000000
0x000000a6784fdff0:   0000000000000000 00000000b00002b2
0x000000a6784fe000:   0000000000000000 00007ff9690fdf6f
0x000000a6784fe010:   0000027926b10000 000000a6784fe309 

Instructions: (pc=0x00007ff94f011b85)
0x00007ff94f011a85:   48 85 c9 74 1d 80 3d 7f 45 00 00 00 74 06 48 8b
0x00007ff94f011a95:   53 18 eb 04 48 8b 53 40 e8 9a 0e 00 00 48 83 63
0x00007ff94f011aa5:   48 00 8b 4b 0c 83 f9 ff 74 09 e8 d0 0c 00 00 83
0x00007ff94f011ab5:   4b 0c ff 48 8b 4b 70 48 85 c9 74 0f ba 10 00 00
0x00007ff94f011ac5:   00 e8 f1 0e 00 00 48 83 63 70 00 48 83 c4 20 5b
0x00007ff94f011ad5:   c3 cc cc 40 53 48 83 ec 20 48 8b d9 48 8d 0d 38
0x00007ff94f011ae5:   47 00 00 e8 9f 0c 00 00 83 6b 08 01 75 24 48 8b
0x00007ff94f011af5:   d3 48 8d 0d 1b 45 00 00 e8 22 08 00 00 48 8b cb
0x00007ff94f011b05:   e8 d6 fe ff ff ba 78 00 00 00 48 8b cb e8 a5 0e
0x00007ff94f011b15:   00 00 48 8d 0d 02 47 00 00 48 83 c4 20 5b e9 6c
0x00007ff94f011b25:   0c 00 00 48 89 5c 24 08 48 89 74 24 10 57 48 83
0x00007ff94f011b35:   ec 20 41 8b f1 4d 8b c8 48 8b fa 4c 8b d9 4d 85
0x00007ff94f011b45:   c0 74 78 85 f6 74 74 44 8a 12 48 8d 5a 01 48 8b
0x00007ff94f011b55:   d3 b8 93 01 00 01 eb 12 69 c0 93 01 00 01 41 0f
0x00007ff94f011b65:   b6 ca 44 8a 12 33 c1 48 ff c2 45 84 d2 75 e9 4d
0x00007ff94f011b75:   8b 03 0f ba f0 1f 33 d2 49 8b cb f7 f6 48 63 c2
0x00007ff94f011b85:   41 8b 14 81 41 ff 50 08 85 c0 7e 24 8a 0f eb 10
0x00007ff94f011b95:   69 c0 93 01 00 01 0f b6 c9 33 c1 8a 0b 48 ff c3
0x00007ff94f011ba5:   84 c9 75 ec 0f ba f0 1f 33 d2 f7 f6 8b c2 eb 0e
0x00007ff94f011bb5:   79 09 83 c9 ff 2b c8 8b c1 eb 03 83 c8 ff 48 8b
0x00007ff94f011bc5:   5c 24 30 48 8b 74 24 38 48 83 c4 20 5f c3 cc 48
0x00007ff94f011bd5:   89 5c 24 08 48 89 74 24 10 57 48 83 ec 20 48 8b
0x00007ff94f011be5:   f1 48 8d 0d 33 46 00 00 e8 9a 0b 00 00 33 ff 39
0x00007ff94f011bf5:   3d 1e 44 00 00 76 24 48 8b 05 1d 44 00 00 48 8b
0x00007ff94f011c05:   d6 48 8b 1c f8 48 8b 0b e8 68 1e 00 00 85 c0 74
0x00007ff94f011c15:   2b ff c7 3b 3d fa 43 00 00 72 dc 33 db 48 8d 0d
0x00007ff94f011c25:   f7 45 00 00 e8 66 0b 00 00 48 8b 74 24 38 48 8b
0x00007ff94f011c35:   c3 48 8b 5c 24 30 48 83 c4 20 5f c3 ff 43 08 eb
0x00007ff94f011c45:   dc cc cc 48 89 5c 24 08 48 89 74 24 10 57 48 83
0x00007ff94f011c55:   ec 20 48 8b d9 48 8b f2 48 8b 49 10 49 8b f8 8b
0x00007ff94f011c65:   53 30 48 8b 01 ff 50 20 4c 8b 43 50 48 8b d6 48
0x00007ff94f011c75:   8b 4b 10 44 8b c8 e8 a8 fe ff ff 83 f8 ff 74 38 



---------------  P R O C E S S  ---------------

VM state: not at safepoint (not fully initialized)

VM Mutex/Monitor currently owned by a thread: None

CDS archive(s) mapped at: [0x0000000000000000-0x0000000000000000-0x0000000000000000), size 0, SharedBaseAddress: 0x0000000800000000, ArchiveRelocationMode: 1.
Narrow klass base: 0x0000000000000000, Narrow klass shift: 0, Narrow klass range: 0x0

GC Precious Log:
<Not initialized>


Dynamic libraries:
0x00007ff6dcf90000 - 0x00007ff6dcf9e000 	C:\Users\VincentPrasse\.jdks\openjdk-23.0.1\bin\java.exe
0x00007ff9690d0000 - 0x00007ff9692c8000 	C:\Windows\SYSTEM32\ntdll.dll
0x00007ff9684b0000 - 0x00007ff968572000 	C:\Windows\System32\KERNEL32.DLL
0x00007ff966df0000 - 0x00007ff9670ee000 	C:\Windows\System32\KERNELBASE.dll
0x00007ff966b50000 - 0x00007ff966c50000 	C:\Windows\System32\ucrtbase.dll
0x00007ff962650000 - 0x00007ff96266b000 	C:\Users\VincentPrasse\.jdks\openjdk-23.0.1\bin\VCRUNTIME140.dll
0x00007ff9624f0000 - 0x00007ff962507000 	C:\Users\VincentPrasse\.jdks\openjdk-23.0.1\bin\jli.dll
0x00007ff967fe0000 - 0x00007ff96817d000 	C:\Windows\System32\USER32.dll
0x00007ff966d50000 - 0x00007ff966d72000 	C:\Windows\System32\win32u.dll
0x00007ff968580000 - 0x00007ff9685ab000 	C:\Windows\System32\GDI32.dll
0x00007ff95bff0000 - 0x00007ff95c28a000 	C:\Windows\WinSxS\amd64_microsoft.windows.common-controls_6595b64144ccf1df_6.0.19041.4355_none_60b8b9eb71f62e16\COMCTL32.dll
0x00007ff966770000 - 0x00007ff966887000 	C:\Windows\System32\gdi32full.dll
0x00007ff966890000 - 0x00007ff96692d000 	C:\Windows\System32\msvcp_win.dll
0x00007ff968db0000 - 0x00007ff968e4e000 	C:\Windows\System32\msvcrt.dll
0x00007ff968ec0000 - 0x00007ff968eef000 	C:\Windows\System32\IMM32.DLL
0x00007ff9624e0000 - 0x00007ff9624ec000 	C:\Users\VincentPrasse\.jdks\openjdk-23.0.1\bin\vcruntime140_1.dll
0x00007ff92de00000 - 0x00007ff92de8e000 	C:\Users\VincentPrasse\.jdks\openjdk-23.0.1\bin\msvcp140.dll
0x00007ff899140000 - 0x00007ff899e8f000 	C:\Users\VincentPrasse\.jdks\openjdk-23.0.1\bin\server\jvm.dll
0x00007ff968620000 - 0x00007ff9686d1000 	C:\Windows\System32\ADVAPI32.dll
0x00007ff9682b0000 - 0x00007ff96834f000 	C:\Windows\System32\sechost.dll
0x00007ff967220000 - 0x00007ff967343000 	C:\Windows\System32\RPCRT4.dll
0x00007ff966930000 - 0x00007ff966957000 	C:\Windows\System32\bcrypt.dll
0x00007ff968e50000 - 0x00007ff968ebb000 	C:\Windows\System32\WS2_32.dll
0x00007ff965cc0000 - 0x00007ff965d0b000 	C:\Windows\SYSTEM32\POWRPROF.dll
0x00007ff9608f0000 - 0x00007ff9608fa000 	C:\Windows\SYSTEM32\VERSION.dll
0x00007ff95b030000 - 0x00007ff95b057000 	C:\Windows\SYSTEM32\WINMM.dll
0x00007ff965b30000 - 0x00007ff965b42000 	C:\Windows\SYSTEM32\UMPDC.dll
0x00007ff964c50000 - 0x00007ff964c62000 	C:\Windows\SYSTEM32\kernel.appcore.dll
0x00007ff94f010000 - 0x00007ff94f01a000 	C:\Users\VincentPrasse\.jdks\openjdk-23.0.1\bin\jimage.dll
0x00007ff964950000 - 0x00007ff964b34000 	C:\Windows\SYSTEM32\DBGHELP.DLL
0x00007ff95af20000 - 0x00007ff95af54000 	C:\Windows\SYSTEM32\dbgcore.DLL
0x00007ff966ac0000 - 0x00007ff966b42000 	C:\Windows\System32\bcryptPrimitives.dll

dbghelp: loaded successfully - version: 4.0.5 - missing functions: none
symbol engine: initialized successfully - sym options: 0x614 - pdb path: .;C:\Users\VincentPrasse\.jdks\openjdk-23.0.1\bin;C:\Windows\SYSTEM32;C:\Windows\WinSxS\amd64_microsoft.windows.common-controls_6595b64144ccf1df_6.0.19041.4355_none_60b8b9eb71f62e16;C:\Users\VincentPrasse\.jdks\openjdk-23.0.1\bin\server

VM Arguments:
java_command: <unknown>
java_class_path (initial): <not set>
Launcher Type: SUN_STANDARD

[Global flags]
     bool UseLargePagesIndividualAllocation        = false                                  {pd product} {ergonomic}

Logging:
Log output configuration:
 #0: stdout all=warning uptime,level,tags foldmultilines=false
 #1: stderr all=off uptime,level,tags foldmultilines=false

Environment Variables:
JAVA_HOME=C:\Program Files\Java\jdk1.8.0_311
PATH=C:\Program Files (x86)\Razer Chroma SDK\bin;C:\Program Files\Razer Chroma SDK\bin;C:\Windows\system32;C:\Windows;C:\Windows\System32\Wbem;C:\Windows\System32\WindowsPowerShell\v1.0\;C:\Windows\System32\OpenSSH\;C:\Projects\apache-maven-3.8.4\bin;C:\Program Files\PuTTY\;C:\Program Files\dotnet\;C:\Program Files (x86)\GitExtensions\;C:\Users\VincentPrasse\bin\Sencha\Cmd\6.1.2.15/..;C:\Users\VincentPrasse\AppData\Local\Microsoft\WindowsApps;C:\Users\VincentPrasse\AppData\Local\Programs\Microsoft VS Code\bin;C:\Program Files\JetBrains\IntelliJ IDEA Community Edition 2021.3.1\bin;C:\Program Files\Java\jdk1.8.0_311\bin;C:\Program Files\Java\corretto-17.0.10;C:\Program Files\Git\cmd;C:\Program Files\Docker\Docker\resources\bin;C:\Users\VincentPrasse\bin\Sencha\Cmd\6.1.2.15/..;C:\Users\VincentPrasse\AppData\Local\Microsoft\WindowsApps;C:\Users\VincentPrasse\AppData\Local\Programs\Microsoft VS Code\bin;C:\Program Files\JetBrains\IntelliJ IDEA Community Edition 2021.3.1\bin;C:\Projects\apache-maven-3.8.4\bin;C:\Program Files\JetBrains\IntelliJ IDEA 241.12662.62\bin;C:\Users\VincentPrasse\AppData\Local\JetBrains\Toolbox\scripts;
USERNAME=VincentPrasse
OS=Windows_NT
PROCESSOR_IDENTIFIER=Intel64 Family 6 Model 141 Stepping 1, GenuineIntel
TMP=C:\Users\VINCEN~1\AppData\Local\Temp
TEMP=C:\Users\VINCEN~1\AppData\Local\Temp




Periodic native trim disabled

---------------  S Y S T E M  ---------------

OS:
 Windows 10 , 64 bit Build 19041 (10.0.19041.5072)
OS uptime: 19 days 6:19 hours

CPU: total 16 (initial active 0) 
Processor Information for processor 0
  Max Mhz: 2611, Current Mhz: 1405, Mhz Limit: 2611
Processor Information for processor 1
  Max Mhz: 2611, Current Mhz: 2611, Mhz Limit: 2611
Processor Information for processor 2
  Max Mhz: 2611, Current Mhz: 2611, Mhz Limit: 2611
Processor Information for processor 3
  Max Mhz: 2611, Current Mhz: 2611, Mhz Limit: 2611
Processor Information for processor 4
  Max Mhz: 2611, Current Mhz: 2611, Mhz Limit: 2611
Processor Information for processor 5
  Max Mhz: 2611, Current Mhz: 2611, Mhz Limit: 2611
Processor Information for processor 6
  Max Mhz: 2611, Current Mhz: 2611, Mhz Limit: 2611
Processor Information for processor 7
  Max Mhz: 2611, Current Mhz: 1405, Mhz Limit: 2611
Processor Information for processor 8
  Max Mhz: 2611, Current Mhz: 1405, Mhz Limit: 2611
Processor Information for processor 9
  Max Mhz: 2611, Current Mhz: 2611, Mhz Limit: 2611
Processor Information for processor 10
  Max Mhz: 2611, Current Mhz: 2611, Mhz Limit: 2611
Processor Information for processor 11
  Max Mhz: 2611, Current Mhz: 1405, Mhz Limit: 2611
Processor Information for processor 12
  Max Mhz: 2611, Current Mhz: 2611, Mhz Limit: 2611
Processor Information for processor 13
  Max Mhz: 2611, Current Mhz: 1405, Mhz Limit: 2611
Processor Information for processor 14
  Max Mhz: 2611, Current Mhz: 2611, Mhz Limit: 2611
Processor Information for processor 15
  Max Mhz: 2611, Current Mhz: 2611, Mhz Limit: 2611

Memory: 4k page, system-wide physical 32491M (4664M free)
TotalPageFile size 44779M (AvailPageFile size 13586M)
current process WorkingSet (physical memory assigned to process): 8M, peak: 8M
current process commit charge ("private bytes"): 3M, peak: 3M

vm_info: OpenJDK 64-Bit Server VM (23.0.1+11-39) for windows-amd64 JRE (23.0.1+11-39), built on 2024-09-30T07:20:43Z with MS VC++ 17.6 (VS2022)

END.
